2024-11-05 12:11:01,587 - WARNING - Попытка входа с несуществующим логином: Jumomi.
2024-11-05 12:13:18,582 - WARNING - Попытка входа с несуществующим логином: Оагвыаы.
2024-11-05 12:13:24,877 - WARNING - Попытка входа с несуществующим логином: Jumomi.
2024-11-05 12:14:12,598 - WARNING - Некорректный формат электронной почты.
2024-11-05 12:14:48,306 - INFO - Пользователь Max успешно зарегистрирован.
2024-11-05 12:15:06,216 - INFO - Пользователь Max успешно вошел в систему.
2024-11-05 12:19:33,004 - WARNING - Пароль не соответствует требованиям.
2024-11-05 12:20:20,013 - INFO - Пользователь Jumomi успешно зарегистрирован.
2024-11-05 12:23:40,320 - INFO - Пользователь Jumomi успешно вошел в систему.
2024-11-05 12:28:32,207 - INFO - Пользователь Jumomi успешно вошел в систему.
2024-11-05 12:45:04,551 - WARNING - Попытка входа с несуществующим логином: фвы.
2024-11-05 12:45:15,064 - WARNING - Попытка входа с несуществующим логином: Jumomi.
2024-11-05 12:45:44,136 - INFO - Пользователь Jumomi успешно зарегистрирован.
2024-11-05 12:45:57,014 - INFO - Пользователь Jumomi успешно вошел в систему.
2024-11-05 12:47:13,048 - WARNING - Попытка входа с несуществующим логином: asdsa.
2024-11-05 12:47:24,794 - INFO - Пользователь Jumomi успешно вошел в систему.
2024-11-05 12:49:14,273 - WARNING - Пароль не соответствует требованиям.
2024-11-05 12:49:38,102 - INFO - Пользователь Max успешно зарегистрирован.
2024-11-05 12:49:52,633 - INFO - Пользователь Max успешно вошел в систему.
2024-11-05 12:50:38,217 - WARNING - Попытка входа с несуществующим логином: sads.
2024-11-05 12:50:54,982 - WARNING - Пользователь с логином Jumomi или почтой уже существует.
2024-11-05 13:06:50,596 - WARNING - Неверный пароль для пользователя Jumomi.
2024-11-05 13:12:28,911 - INFO - Пользователь Denis успешно зарегистрирован.
2024-11-05 13:22:47,085 - WARNING - Пароль не соответствует требованиям.
2024-11-05 13:24:10,707 - WARNING - Неверный пароль для пользователя Jumomi.
2024-12-15 17:53:56,150 - INFO - Пользователь organizer_test успешно зарегистрирован.
2024-12-15 17:54:05,407 - WARNING - Пользователь с ID None не является организатором.
2024-12-15 17:56:01,037 - INFO - Пользователь standup_organizer успешно зарегистрирован.
2024-12-15 17:57:07,504 - WARNING - Пользователь с ID None не является организатором.
2024-12-15 17:57:43,021 - INFO - Пользователь standup_organizer успешно вошел в систему.
2024-12-15 17:57:56,941 - ERROR - Ошибка при создании мероприятия: (builtins.TypeError) SQLite DateTime type only accepts Python datetime and date objects as input.
[SQL: INSERT INTO events (title, description, start_date, end_date, location) VALUES (?, ?, ?, ?, ?)]
[parameters: [{'description': 'В программе вечера Stand-up + Jazz концерт', 'end_date': '01 среда января 20:00', 'start_date': '01 среда января 18:00', 'location': 'Сергеич Камеди Бар', 'title': 'Stand-up & Action'}]]
2024-12-15 18:01:08,454 - INFO - Пользователь standup_organizer успешно вошел в систему.
2024-12-15 18:01:15,318 - WARNING - Пользователь с ID 4 не является организатором.
2024-12-15 18:19:55,169 - WARNING - Попытка входа с несуществующим логином: 24.
2024-12-15 18:20:14,420 - INFO - Пользователь standup_organizer успешно вошел в систему.
2024-12-15 18:20:19,627 - WARNING - Мероприятие с ID 3 не найдено.
2024-12-18 11:08:28,451 - INFO - Пользователь organizer_test успешно вошел в систему.
2024-12-18 11:08:58,079 - WARNING - Пользователь с ID 4 не является организатором.
2024-12-18 11:09:33,141 - INFO - Пользователь standup_organizer успешно вошел в систему.
2024-12-18 11:09:46,868 - ERROR - Ошибка при создании мероприятия: (builtins.TypeError) SQLite DateTime type only accepts Python datetime and date objects as input.
[SQL: INSERT INTO events (title, description, start_date, end_date, location) VALUES (?, ?, ?, ?, ?)]
[parameters: [{'description': 'Крутой стенд ап', 'start_date': '25.12.2024', 'title': 'Стенд ап', 'end_date': 'Москва', 'location': 'Москва'}]]
2024-12-18 11:10:04,839 - INFO - Пользователь standup_organizer успешно вошел в систему.
2024-12-18 11:10:16,923 - ERROR - Ошибка при создании мероприятия: (builtins.TypeError) SQLite DateTime type only accepts Python datetime and date objects as input.
[SQL: INSERT INTO events (title, description, start_date, end_date, location) VALUES (?, ?, ?, ?, ?)]
[parameters: [{'description': 'Крутой стенд ап', 'start_date': '25.12.2024', 'location': 'Москва', 'title': 'Стенд ап', 'end_date': '25.12.2024'}]]
2024-12-18 11:14:52,127 - INFO - Пользователь standup_organizer успешно вошел в систему.
2024-12-18 11:14:59,550 - WARNING - Мероприятие с ID 3 не найдено.
2024-12-18 11:19:54,972 - INFO - Пользователь standup_organizer успешно вошел в систему.
2024-12-18 11:22:49,872 - ERROR - Ошибка при создании мероприятия: (builtins.TypeError) SQLite DateTime type only accepts Python datetime and date objects as input.
[SQL: INSERT INTO events (title, description, start_date, end_date, location) VALUES (?, ?, ?, ?, ?)]
[parameters: [{'location': 'Городской стадион', 'start_date': '2023-11-15 20:00:00', 'description': 'Не пропустите концерт группы XYZ в этом месяце!', 'title': 'Концерт', 'end_date': '2023-11-15 23:00:00'}]]
2024-12-18 11:24:29,536 - INFO - Пользователь standup_organizer успешно вошел в систему.
2024-12-18 11:24:39,879 - INFO - Пользователь с ID 5 успешно приобрел билет на мероприятие ID 1.
2024-12-18 11:29:37,383 - INFO - Пользователь standup_organizer успешно вошел в систему.
2024-12-18 11:30:36,592 - INFO - Мероприятие 'Выставка современного искусства' успешно создано организатором с ID 5.
